{"__type":"$$EventMessageWorkflow","id":"4a5a395f-f5f1-4fec-82d8-f60b64010e18","ts":"2026-01-01T05:10:29.004-05:00","eventName":"n8n.workflow.started","message":"n8n.workflow.started","payload":{"executionId":"41","workflowId":"aFxk5lkGrIPnFyzP","isManual":false,"workflowName":"Ingestion PDF HAS"}}
{"__type":"$$EventMessageConfirm","confirm":"4a5a395f-f5f1-4fec-82d8-f60b64010e18","ts":"2026-01-01T05:10:29.004-05:00","source":{"id":"0","name":"eventBus"}}
{"__type":"$$EventMessageNode","id":"47dcc77a-7f6b-499c-88c9-c9a56097f7f9","ts":"2026-01-01T05:10:29.005-05:00","eventName":"n8n.node.started","message":"n8n.node.started","payload":{"workflowId":"aFxk5lkGrIPnFyzP","workflowName":"Ingestion PDF HAS","executionId":"41","nodeType":"n8n-nodes-base.formTrigger","nodeName":"On form submission","nodeId":"8da55250-7309-4516-97ae-18bb531accaf"}}
{"__type":"$$EventMessageConfirm","confirm":"47dcc77a-7f6b-499c-88c9-c9a56097f7f9","ts":"2026-01-01T05:10:29.006-05:00","source":{"id":"0","name":"eventBus"}}
{"__type":"$$EventMessageNode","id":"bfea5225-dd95-4f9f-9190-f33d99c23e9b","ts":"2026-01-01T05:10:29.008-05:00","eventName":"n8n.node.finished","message":"n8n.node.finished","payload":{"workflowId":"aFxk5lkGrIPnFyzP","workflowName":"Ingestion PDF HAS","executionId":"41","nodeType":"n8n-nodes-base.formTrigger","nodeName":"On form submission","nodeId":"8da55250-7309-4516-97ae-18bb531accaf"}}
{"__type":"$$EventMessageConfirm","confirm":"bfea5225-dd95-4f9f-9190-f33d99c23e9b","ts":"2026-01-01T05:10:29.008-05:00","source":{"id":"0","name":"eventBus"}}
{"__type":"$$EventMessageNode","id":"de6e9b28-9fbe-4caa-911f-9d99d04d646d","ts":"2026-01-01T05:10:29.009-05:00","eventName":"n8n.node.started","message":"n8n.node.started","payload":{"workflowId":"aFxk5lkGrIPnFyzP","workflowName":"Ingestion PDF HAS","executionId":"41","nodeType":"n8n-nodes-base.extractFromFile","nodeName":"Extract from File","nodeId":"3fca013e-9e71-4c74-a343-7e73311c29c6"}}
{"__type":"$$EventMessageConfirm","confirm":"de6e9b28-9fbe-4caa-911f-9d99d04d646d","ts":"2026-01-01T05:10:29.009-05:00","source":{"id":"0","name":"eventBus"}}
{"__type":"$$EventMessageNode","id":"9f558a32-26fe-4d55-bb34-f06dbcc33d01","ts":"2026-01-01T05:10:33.566-05:00","eventName":"n8n.node.finished","message":"n8n.node.finished","payload":{"workflowId":"aFxk5lkGrIPnFyzP","workflowName":"Ingestion PDF HAS","executionId":"41","nodeType":"n8n-nodes-base.extractFromFile","nodeName":"Extract from File","nodeId":"3fca013e-9e71-4c74-a343-7e73311c29c6"}}
{"__type":"$$EventMessageConfirm","confirm":"9f558a32-26fe-4d55-bb34-f06dbcc33d01","ts":"2026-01-01T05:10:33.567-05:00","source":{"id":"0","name":"eventBus"}}
{"__type":"$$EventMessageNode","id":"9141fd49-0bf3-46d8-87c1-3b1a6599d85f","ts":"2026-01-01T05:10:33.567-05:00","eventName":"n8n.node.started","message":"n8n.node.started","payload":{"workflowId":"aFxk5lkGrIPnFyzP","workflowName":"Ingestion PDF HAS","executionId":"41","nodeType":"n8n-nodes-base.code","nodeName":"Code in JavaScript","nodeId":"ec9798e0-b2e9-49f3-bf05-57e6b9384150"}}
{"__type":"$$EventMessageConfirm","confirm":"9141fd49-0bf3-46d8-87c1-3b1a6599d85f","ts":"2026-01-01T05:10:33.567-05:00","source":{"id":"0","name":"eventBus"}}
{"__type":"$$EventMessageRunner","id":"c7b09dc3-ff9a-488c-9603-d2b2a1e91992","ts":"2026-01-01T05:10:33.571-05:00","eventName":"n8n.runner.task.requested","message":"n8n.runner.task.requested","payload":{"taskId":"JGaxFquJ","nodeId":"ec9798e0-b2e9-49f3-bf05-57e6b9384150","workflowId":"aFxk5lkGrIPnFyzP","executionId":"41"}}
{"__type":"$$EventMessageConfirm","confirm":"c7b09dc3-ff9a-488c-9603-d2b2a1e91992","ts":"2026-01-01T05:10:33.571-05:00","source":{"id":"0","name":"eventBus"}}
{"__type":"$$EventMessageRunner","id":"f2b078cf-886b-4414-8434-2eae8d6e5577","ts":"2026-01-01T05:10:33.633-05:00","eventName":"n8n.runner.response.received","message":"n8n.runner.response.received","payload":{"taskId":"JGaxFquJ","nodeId":"ec9798e0-b2e9-49f3-bf05-57e6b9384150","workflowId":"aFxk5lkGrIPnFyzP","executionId":"41"}}
{"__type":"$$EventMessageConfirm","confirm":"f2b078cf-886b-4414-8434-2eae8d6e5577","ts":"2026-01-01T05:10:33.633-05:00","source":{"id":"0","name":"eventBus"}}
{"__type":"$$EventMessageNode","id":"d2460370-961f-4240-b543-95436986c0db","ts":"2026-01-01T05:10:33.635-05:00","eventName":"n8n.node.finished","message":"n8n.node.finished","payload":{"workflowId":"aFxk5lkGrIPnFyzP","workflowName":"Ingestion PDF HAS","executionId":"41","nodeType":"n8n-nodes-base.code","nodeName":"Code in JavaScript","nodeId":"ec9798e0-b2e9-49f3-bf05-57e6b9384150"}}
{"__type":"$$EventMessageConfirm","confirm":"d2460370-961f-4240-b543-95436986c0db","ts":"2026-01-01T05:10:33.635-05:00","source":{"id":"0","name":"eventBus"}}
{"__type":"$$EventMessageNode","id":"79f38df1-68cf-4ee0-b164-62d290b6e42d","ts":"2026-01-01T05:10:33.635-05:00","eventName":"n8n.node.started","message":"n8n.node.started","payload":{"workflowId":"aFxk5lkGrIPnFyzP","workflowName":"Ingestion PDF HAS","executionId":"41","nodeType":"n8n-nodes-base.set","nodeName":"Edit Fields","nodeId":"f43f9b4d-1d40-4e4e-ba98-8f745c2bc481"}}
{"__type":"$$EventMessageConfirm","confirm":"79f38df1-68cf-4ee0-b164-62d290b6e42d","ts":"2026-01-01T05:10:33.635-05:00","source":{"id":"0","name":"eventBus"}}
{"__type":"$$EventMessageNode","id":"f50bdeeb-0321-41af-b994-260e1a1742f8","ts":"2026-01-01T05:10:33.869-05:00","eventName":"n8n.node.finished","message":"n8n.node.finished","payload":{"workflowId":"aFxk5lkGrIPnFyzP","workflowName":"Ingestion PDF HAS","executionId":"41","nodeType":"n8n-nodes-base.set","nodeName":"Edit Fields","nodeId":"f43f9b4d-1d40-4e4e-ba98-8f745c2bc481"}}
{"__type":"$$EventMessageConfirm","confirm":"f50bdeeb-0321-41af-b994-260e1a1742f8","ts":"2026-01-01T05:10:33.869-05:00","source":{"id":"0","name":"eventBus"}}
{"__type":"$$EventMessageNode","id":"bdd6d67a-83b0-4c48-ae6d-18b2f417d779","ts":"2026-01-01T05:10:33.870-05:00","eventName":"n8n.node.started","message":"n8n.node.started","payload":{"workflowId":"aFxk5lkGrIPnFyzP","workflowName":"Ingestion PDF HAS","executionId":"41","nodeType":"n8n-nodes-base.wait","nodeName":"Wait","nodeId":"1b15c5bb-0886-41e3-86b1-91ed2ed3251c"}}
{"__type":"$$EventMessageConfirm","confirm":"bdd6d67a-83b0-4c48-ae6d-18b2f417d779","ts":"2026-01-01T05:10:33.870-05:00","source":{"id":"0","name":"eventBus"}}
{"__type":"$$EventMessageNode","id":"add37327-ea6d-4273-ae25-1b557a6430cf","ts":"2026-01-01T05:10:38.871-05:00","eventName":"n8n.node.finished","message":"n8n.node.finished","payload":{"workflowId":"aFxk5lkGrIPnFyzP","workflowName":"Ingestion PDF HAS","executionId":"41","nodeType":"n8n-nodes-base.wait","nodeName":"Wait","nodeId":"1b15c5bb-0886-41e3-86b1-91ed2ed3251c"}}
{"__type":"$$EventMessageConfirm","confirm":"add37327-ea6d-4273-ae25-1b557a6430cf","ts":"2026-01-01T05:10:38.871-05:00","source":{"id":"0","name":"eventBus"}}
{"__type":"$$EventMessageNode","id":"d7dc22b0-d0de-4fab-afc3-52aee5f6afc1","ts":"2026-01-01T05:10:38.871-05:00","eventName":"n8n.node.started","message":"n8n.node.started","payload":{"workflowId":"aFxk5lkGrIPnFyzP","workflowName":"Ingestion PDF HAS","executionId":"41","nodeType":"n8n-nodes-base.httpRequest","nodeName":"HTTP Request","nodeId":"70e64189-9aa0-4c89-acd8-0413d7942de7"}}
{"__type":"$$EventMessageConfirm","confirm":"d7dc22b0-d0de-4fab-afc3-52aee5f6afc1","ts":"2026-01-01T05:10:38.871-05:00","source":{"id":"0","name":"eventBus"}}
{"__type":"$$EventMessageNode","id":"f6333189-8e6a-4ea5-8c71-01bbf49573a9","ts":"2026-01-01T05:10:50.678-05:00","eventName":"n8n.node.finished","message":"n8n.node.finished","payload":{"workflowId":"aFxk5lkGrIPnFyzP","workflowName":"Ingestion PDF HAS","executionId":"41","nodeType":"n8n-nodes-base.httpRequest","nodeName":"HTTP Request","nodeId":"70e64189-9aa0-4c89-acd8-0413d7942de7"}}
{"__type":"$$EventMessageConfirm","confirm":"f6333189-8e6a-4ea5-8c71-01bbf49573a9","ts":"2026-01-01T05:10:50.678-05:00","source":{"id":"0","name":"eventBus"}}
{"__type":"$$EventMessageWorkflow","id":"a566d3fa-9134-4521-b00b-6f0f0f3ac78f","ts":"2026-01-01T05:10:50.679-05:00","eventName":"n8n.workflow.success","message":"n8n.workflow.success","payload":{"executionId":"41","success":true,"isManual":false,"workflowId":"aFxk5lkGrIPnFyzP","workflowName":"Ingestion PDF HAS"}}
{"__type":"$$EventMessageConfirm","confirm":"a566d3fa-9134-4521-b00b-6f0f0f3ac78f","ts":"2026-01-01T05:10:50.680-05:00","source":{"id":"0","name":"eventBus"}}
{"__type":"$$EventMessageWorkflow","id":"8865f143-d837-4363-be4b-648221ac344c","ts":"2026-01-01T05:38:41.040-05:00","eventName":"n8n.workflow.started","message":"n8n.workflow.started","payload":{"executionId":"42","workflowId":"aFxk5lkGrIPnFyzP","isManual":false,"workflowName":"Ingestion PDF HAS"}}
{"__type":"$$EventMessageConfirm","confirm":"8865f143-d837-4363-be4b-648221ac344c","ts":"2026-01-01T05:38:41.041-05:00","source":{"id":"0","name":"eventBus"}}
{"__type":"$$EventMessageNode","id":"65825c4d-9358-4ccb-bc31-4c17db30d97c","ts":"2026-01-01T05:38:41.041-05:00","eventName":"n8n.node.started","message":"n8n.node.started","payload":{"workflowId":"aFxk5lkGrIPnFyzP","workflowName":"Ingestion PDF HAS","executionId":"42","nodeType":"n8n-nodes-base.formTrigger","nodeName":"On form submission","nodeId":"8da55250-7309-4516-97ae-18bb531accaf"}}
{"__type":"$$EventMessageConfirm","confirm":"65825c4d-9358-4ccb-bc31-4c17db30d97c","ts":"2026-01-01T05:38:41.041-05:00","source":{"id":"0","name":"eventBus"}}
{"__type":"$$EventMessageNode","id":"e6e3b513-72e3-4d91-be3b-5dc2b1a9dd9d","ts":"2026-01-01T05:38:41.041-05:00","eventName":"n8n.node.finished","message":"n8n.node.finished","payload":{"workflowId":"aFxk5lkGrIPnFyzP","workflowName":"Ingestion PDF HAS","executionId":"42","nodeType":"n8n-nodes-base.formTrigger","nodeName":"On form submission","nodeId":"8da55250-7309-4516-97ae-18bb531accaf"}}
{"__type":"$$EventMessageConfirm","confirm":"e6e3b513-72e3-4d91-be3b-5dc2b1a9dd9d","ts":"2026-01-01T05:38:41.041-05:00","source":{"id":"0","name":"eventBus"}}
{"__type":"$$EventMessageNode","id":"34cad233-29b0-4b0e-962d-d54e80332542","ts":"2026-01-01T05:38:41.042-05:00","eventName":"n8n.node.started","message":"n8n.node.started","payload":{"workflowId":"aFxk5lkGrIPnFyzP","workflowName":"Ingestion PDF HAS","executionId":"42","nodeType":"n8n-nodes-base.extractFromFile","nodeName":"Extract from File","nodeId":"3fca013e-9e71-4c74-a343-7e73311c29c6"}}
{"__type":"$$EventMessageConfirm","confirm":"34cad233-29b0-4b0e-962d-d54e80332542","ts":"2026-01-01T05:38:41.042-05:00","source":{"id":"0","name":"eventBus"}}
{"__type":"$$EventMessageNode","id":"d50101fd-cc03-4c83-845b-dd54c4c74703","ts":"2026-01-01T05:38:41.585-05:00","eventName":"n8n.node.finished","message":"n8n.node.finished","payload":{"workflowId":"aFxk5lkGrIPnFyzP","workflowName":"Ingestion PDF HAS","executionId":"42","nodeType":"n8n-nodes-base.extractFromFile","nodeName":"Extract from File","nodeId":"3fca013e-9e71-4c74-a343-7e73311c29c6"}}
{"__type":"$$EventMessageConfirm","confirm":"d50101fd-cc03-4c83-845b-dd54c4c74703","ts":"2026-01-01T05:38:41.585-05:00","source":{"id":"0","name":"eventBus"}}
{"__type":"$$EventMessageNode","id":"cf2e8078-8510-4157-848e-f11136d8f549","ts":"2026-01-01T05:38:41.585-05:00","eventName":"n8n.node.started","message":"n8n.node.started","payload":{"workflowId":"aFxk5lkGrIPnFyzP","workflowName":"Ingestion PDF HAS","executionId":"42","nodeType":"n8n-nodes-base.code","nodeName":"Code in JavaScript","nodeId":"ec9798e0-b2e9-49f3-bf05-57e6b9384150"}}
{"__type":"$$EventMessageConfirm","confirm":"cf2e8078-8510-4157-848e-f11136d8f549","ts":"2026-01-01T05:38:41.585-05:00","source":{"id":"0","name":"eventBus"}}
{"__type":"$$EventMessageRunner","id":"6f2a0a91-eb9f-45ae-b235-2fa5af869135","ts":"2026-01-01T05:38:41.589-05:00","eventName":"n8n.runner.task.requested","message":"n8n.runner.task.requested","payload":{"taskId":"IYx5DlnY","nodeId":"ec9798e0-b2e9-49f3-bf05-57e6b9384150","workflowId":"aFxk5lkGrIPnFyzP","executionId":"42"}}
{"__type":"$$EventMessageConfirm","confirm":"6f2a0a91-eb9f-45ae-b235-2fa5af869135","ts":"2026-01-01T05:38:41.589-05:00","source":{"id":"0","name":"eventBus"}}
{"__type":"$$EventMessageRunner","id":"9c5c67c5-7cd9-4a2b-a5ec-793d870ab149","ts":"2026-01-01T05:38:41.597-05:00","eventName":"n8n.runner.response.received","message":"n8n.runner.response.received","payload":{"taskId":"IYx5DlnY","nodeId":"ec9798e0-b2e9-49f3-bf05-57e6b9384150","workflowId":"aFxk5lkGrIPnFyzP","executionId":"42"}}
{"__type":"$$EventMessageConfirm","confirm":"9c5c67c5-7cd9-4a2b-a5ec-793d870ab149","ts":"2026-01-01T05:38:41.597-05:00","source":{"id":"0","name":"eventBus"}}
{"__type":"$$EventMessageNode","id":"bdf20cdc-2f4b-4527-8831-083fbbeacda3","ts":"2026-01-01T05:38:41.597-05:00","eventName":"n8n.node.finished","message":"n8n.node.finished","payload":{"workflowId":"aFxk5lkGrIPnFyzP","workflowName":"Ingestion PDF HAS","executionId":"42","nodeType":"n8n-nodes-base.code","nodeName":"Code in JavaScript","nodeId":"ec9798e0-b2e9-49f3-bf05-57e6b9384150"}}
{"__type":"$$EventMessageConfirm","confirm":"bdf20cdc-2f4b-4527-8831-083fbbeacda3","ts":"2026-01-01T05:38:41.597-05:00","source":{"id":"0","name":"eventBus"}}
{"__type":"$$EventMessageNode","id":"e550dc78-fb68-4d5f-8001-03695175fc33","ts":"2026-01-01T05:38:41.597-05:00","eventName":"n8n.node.started","message":"n8n.node.started","payload":{"workflowId":"aFxk5lkGrIPnFyzP","workflowName":"Ingestion PDF HAS","executionId":"42","nodeType":"n8n-nodes-base.set","nodeName":"Edit Fields","nodeId":"f43f9b4d-1d40-4e4e-ba98-8f745c2bc481"}}
{"__type":"$$EventMessageConfirm","confirm":"e550dc78-fb68-4d5f-8001-03695175fc33","ts":"2026-01-01T05:38:41.597-05:00","source":{"id":"0","name":"eventBus"}}
{"__type":"$$EventMessageNode","id":"59b5f46d-bbdc-4aa3-afe1-b4ade0b342d0","ts":"2026-01-01T05:38:41.694-05:00","eventName":"n8n.node.finished","message":"n8n.node.finished","payload":{"workflowId":"aFxk5lkGrIPnFyzP","workflowName":"Ingestion PDF HAS","executionId":"42","nodeType":"n8n-nodes-base.set","nodeName":"Edit Fields","nodeId":"f43f9b4d-1d40-4e4e-ba98-8f745c2bc481"}}
{"__type":"$$EventMessageConfirm","confirm":"59b5f46d-bbdc-4aa3-afe1-b4ade0b342d0","ts":"2026-01-01T05:38:41.694-05:00","source":{"id":"0","name":"eventBus"}}
{"__type":"$$EventMessageNode","id":"a1742aff-2f27-4674-a1d0-ab780925ac12","ts":"2026-01-01T05:38:41.694-05:00","eventName":"n8n.node.started","message":"n8n.node.started","payload":{"workflowId":"aFxk5lkGrIPnFyzP","workflowName":"Ingestion PDF HAS","executionId":"42","nodeType":"n8n-nodes-base.wait","nodeName":"Wait","nodeId":"1b15c5bb-0886-41e3-86b1-91ed2ed3251c"}}
{"__type":"$$EventMessageConfirm","confirm":"a1742aff-2f27-4674-a1d0-ab780925ac12","ts":"2026-01-01T05:38:41.694-05:00","source":{"id":"0","name":"eventBus"}}
{"__type":"$$EventMessageNode","id":"71ad7312-c543-4bd9-912a-58049d8c5921","ts":"2026-01-01T05:38:46.695-05:00","eventName":"n8n.node.finished","message":"n8n.node.finished","payload":{"workflowId":"aFxk5lkGrIPnFyzP","workflowName":"Ingestion PDF HAS","executionId":"42","nodeType":"n8n-nodes-base.wait","nodeName":"Wait","nodeId":"1b15c5bb-0886-41e3-86b1-91ed2ed3251c"}}
{"__type":"$$EventMessageConfirm","confirm":"71ad7312-c543-4bd9-912a-58049d8c5921","ts":"2026-01-01T05:38:46.696-05:00","source":{"id":"0","name":"eventBus"}}
{"__type":"$$EventMessageNode","id":"4f61fbb9-429d-4cf0-942e-7207ea72c396","ts":"2026-01-01T05:38:46.696-05:00","eventName":"n8n.node.started","message":"n8n.node.started","payload":{"workflowId":"aFxk5lkGrIPnFyzP","workflowName":"Ingestion PDF HAS","executionId":"42","nodeType":"n8n-nodes-base.httpRequest","nodeName":"HTTP Request","nodeId":"70e64189-9aa0-4c89-acd8-0413d7942de7"}}
{"__type":"$$EventMessageConfirm","confirm":"4f61fbb9-429d-4cf0-942e-7207ea72c396","ts":"2026-01-01T05:38:46.696-05:00","source":{"id":"0","name":"eventBus"}}
{"__type":"$$EventMessageNode","id":"62c3e39a-41c6-47e1-b3b2-4d55663ac5b7","ts":"2026-01-01T05:38:51.044-05:00","eventName":"n8n.node.finished","message":"n8n.node.finished","payload":{"workflowId":"aFxk5lkGrIPnFyzP","workflowName":"Ingestion PDF HAS","executionId":"42","nodeType":"n8n-nodes-base.httpRequest","nodeName":"HTTP Request","nodeId":"70e64189-9aa0-4c89-acd8-0413d7942de7"}}
{"__type":"$$EventMessageConfirm","confirm":"62c3e39a-41c6-47e1-b3b2-4d55663ac5b7","ts":"2026-01-01T05:38:51.044-05:00","source":{"id":"0","name":"eventBus"}}
{"__type":"$$EventMessageWorkflow","id":"4beb1dfe-2d16-4cdd-844f-37de2347086c","ts":"2026-01-01T05:38:51.044-05:00","eventName":"n8n.workflow.success","message":"n8n.workflow.success","payload":{"executionId":"42","success":true,"isManual":false,"workflowId":"aFxk5lkGrIPnFyzP","workflowName":"Ingestion PDF HAS"}}
{"__type":"$$EventMessageConfirm","confirm":"4beb1dfe-2d16-4cdd-844f-37de2347086c","ts":"2026-01-01T05:38:51.044-05:00","source":{"id":"0","name":"eventBus"}}
