{"__type":"$$EventMessageWorkflow","id":"dc918c3b-7434-4782-9108-de2e8e6a8911","ts":"2025-12-31T15:57:57.852-05:00","eventName":"n8n.workflow.started","message":"n8n.workflow.started","payload":{"executionId":"39","workflowId":"aFxk5lkGrIPnFyzP","isManual":false,"workflowName":"Ingestion PDF HAS"}}
{"__type":"$$EventMessageConfirm","confirm":"dc918c3b-7434-4782-9108-de2e8e6a8911","ts":"2025-12-31T15:57:57.853-05:00","source":{"id":"0","name":"eventBus"}}
{"__type":"$$EventMessageNode","id":"6ee8da6b-3e26-4dc0-802a-135f04fc65e0","ts":"2025-12-31T15:57:57.854-05:00","eventName":"n8n.node.started","message":"n8n.node.started","payload":{"workflowId":"aFxk5lkGrIPnFyzP","workflowName":"Ingestion PDF HAS","executionId":"39","nodeType":"n8n-nodes-base.formTrigger","nodeName":"On form submission","nodeId":"8da55250-7309-4516-97ae-18bb531accaf"}}
{"__type":"$$EventMessageConfirm","confirm":"6ee8da6b-3e26-4dc0-802a-135f04fc65e0","ts":"2025-12-31T15:57:57.855-05:00","source":{"id":"0","name":"eventBus"}}
{"__type":"$$EventMessageNode","id":"1776e7c0-f6e8-42e3-b312-3f8a369164cf","ts":"2025-12-31T15:57:57.857-05:00","eventName":"n8n.node.finished","message":"n8n.node.finished","payload":{"workflowId":"aFxk5lkGrIPnFyzP","workflowName":"Ingestion PDF HAS","executionId":"39","nodeType":"n8n-nodes-base.formTrigger","nodeName":"On form submission","nodeId":"8da55250-7309-4516-97ae-18bb531accaf"}}
{"__type":"$$EventMessageConfirm","confirm":"1776e7c0-f6e8-42e3-b312-3f8a369164cf","ts":"2025-12-31T15:57:57.857-05:00","source":{"id":"0","name":"eventBus"}}
{"__type":"$$EventMessageNode","id":"845b36f8-2d4d-4fd8-8dae-eb13a408f79d","ts":"2025-12-31T15:57:57.857-05:00","eventName":"n8n.node.started","message":"n8n.node.started","payload":{"workflowId":"aFxk5lkGrIPnFyzP","workflowName":"Ingestion PDF HAS","executionId":"39","nodeType":"n8n-nodes-base.extractFromFile","nodeName":"Extract from File","nodeId":"3fca013e-9e71-4c74-a343-7e73311c29c6"}}
{"__type":"$$EventMessageConfirm","confirm":"845b36f8-2d4d-4fd8-8dae-eb13a408f79d","ts":"2025-12-31T15:57:57.857-05:00","source":{"id":"0","name":"eventBus"}}
{"__type":"$$EventMessageNode","id":"ef6875ec-27f6-4f42-81c8-ef6672767906","ts":"2025-12-31T15:58:02.996-05:00","eventName":"n8n.node.finished","message":"n8n.node.finished","payload":{"workflowId":"aFxk5lkGrIPnFyzP","workflowName":"Ingestion PDF HAS","executionId":"39","nodeType":"n8n-nodes-base.extractFromFile","nodeName":"Extract from File","nodeId":"3fca013e-9e71-4c74-a343-7e73311c29c6"}}
{"__type":"$$EventMessageConfirm","confirm":"ef6875ec-27f6-4f42-81c8-ef6672767906","ts":"2025-12-31T15:58:02.997-05:00","source":{"id":"0","name":"eventBus"}}
{"__type":"$$EventMessageNode","id":"d0b6710a-5957-4e9b-bf9a-b6f2489dfdf6","ts":"2025-12-31T15:58:02.997-05:00","eventName":"n8n.node.started","message":"n8n.node.started","payload":{"workflowId":"aFxk5lkGrIPnFyzP","workflowName":"Ingestion PDF HAS","executionId":"39","nodeType":"n8n-nodes-base.code","nodeName":"Code in JavaScript","nodeId":"ec9798e0-b2e9-49f3-bf05-57e6b9384150"}}
{"__type":"$$EventMessageConfirm","confirm":"d0b6710a-5957-4e9b-bf9a-b6f2489dfdf6","ts":"2025-12-31T15:58:02.997-05:00","source":{"id":"0","name":"eventBus"}}
{"__type":"$$EventMessageRunner","id":"c94b3ced-db1a-4b44-83ad-76fba74b3b31","ts":"2025-12-31T15:58:03.004-05:00","eventName":"n8n.runner.task.requested","message":"n8n.runner.task.requested","payload":{"taskId":"c69JSvHD","nodeId":"ec9798e0-b2e9-49f3-bf05-57e6b9384150","workflowId":"aFxk5lkGrIPnFyzP","executionId":"39"}}
{"__type":"$$EventMessageConfirm","confirm":"c94b3ced-db1a-4b44-83ad-76fba74b3b31","ts":"2025-12-31T15:58:03.004-05:00","source":{"id":"0","name":"eventBus"}}
{"__type":"$$EventMessageRunner","id":"48ce67d8-130c-481e-9c6f-b513527ef1c9","ts":"2025-12-31T15:58:03.224-05:00","eventName":"n8n.runner.response.received","message":"n8n.runner.response.received","payload":{"taskId":"c69JSvHD","nodeId":"ec9798e0-b2e9-49f3-bf05-57e6b9384150","workflowId":"aFxk5lkGrIPnFyzP","executionId":"39"}}
{"__type":"$$EventMessageConfirm","confirm":"48ce67d8-130c-481e-9c6f-b513527ef1c9","ts":"2025-12-31T15:58:03.224-05:00","source":{"id":"0","name":"eventBus"}}
{"__type":"$$EventMessageNode","id":"c0a357e1-ff2a-4744-9352-0472384fd181","ts":"2025-12-31T15:58:03.226-05:00","eventName":"n8n.node.finished","message":"n8n.node.finished","payload":{"workflowId":"aFxk5lkGrIPnFyzP","workflowName":"Ingestion PDF HAS","executionId":"39","nodeType":"n8n-nodes-base.code","nodeName":"Code in JavaScript","nodeId":"ec9798e0-b2e9-49f3-bf05-57e6b9384150"}}
{"__type":"$$EventMessageConfirm","confirm":"c0a357e1-ff2a-4744-9352-0472384fd181","ts":"2025-12-31T15:58:03.226-05:00","source":{"id":"0","name":"eventBus"}}
{"__type":"$$EventMessageNode","id":"ab9da6be-9c0f-41c7-8806-96f60d772c13","ts":"2025-12-31T15:58:03.226-05:00","eventName":"n8n.node.started","message":"n8n.node.started","payload":{"workflowId":"aFxk5lkGrIPnFyzP","workflowName":"Ingestion PDF HAS","executionId":"39","nodeType":"n8n-nodes-base.set","nodeName":"Edit Fields","nodeId":"f43f9b4d-1d40-4e4e-ba98-8f745c2bc481"}}
{"__type":"$$EventMessageConfirm","confirm":"ab9da6be-9c0f-41c7-8806-96f60d772c13","ts":"2025-12-31T15:58:03.226-05:00","source":{"id":"0","name":"eventBus"}}
{"__type":"$$EventMessageNode","id":"a3685ea4-e3ba-4126-8b09-793d4bea9c18","ts":"2025-12-31T15:58:03.475-05:00","eventName":"n8n.node.finished","message":"n8n.node.finished","payload":{"workflowId":"aFxk5lkGrIPnFyzP","workflowName":"Ingestion PDF HAS","executionId":"39","nodeType":"n8n-nodes-base.set","nodeName":"Edit Fields","nodeId":"f43f9b4d-1d40-4e4e-ba98-8f745c2bc481"}}
{"__type":"$$EventMessageConfirm","confirm":"a3685ea4-e3ba-4126-8b09-793d4bea9c18","ts":"2025-12-31T15:58:03.475-05:00","source":{"id":"0","name":"eventBus"}}
{"__type":"$$EventMessageNode","id":"01b99e7e-06c8-41d5-b3b7-bdb08f3b8071","ts":"2025-12-31T15:58:03.475-05:00","eventName":"n8n.node.started","message":"n8n.node.started","payload":{"workflowId":"aFxk5lkGrIPnFyzP","workflowName":"Ingestion PDF HAS","executionId":"39","nodeType":"n8n-nodes-base.wait","nodeName":"Wait","nodeId":"1b15c5bb-0886-41e3-86b1-91ed2ed3251c"}}
{"__type":"$$EventMessageConfirm","confirm":"01b99e7e-06c8-41d5-b3b7-bdb08f3b8071","ts":"2025-12-31T15:58:03.475-05:00","source":{"id":"0","name":"eventBus"}}
{"__type":"$$EventMessageNode","id":"77065960-dfd7-4d54-8320-971aee3d26ab","ts":"2025-12-31T15:58:08.478-05:00","eventName":"n8n.node.finished","message":"n8n.node.finished","payload":{"workflowId":"aFxk5lkGrIPnFyzP","workflowName":"Ingestion PDF HAS","executionId":"39","nodeType":"n8n-nodes-base.wait","nodeName":"Wait","nodeId":"1b15c5bb-0886-41e3-86b1-91ed2ed3251c"}}
{"__type":"$$EventMessageConfirm","confirm":"77065960-dfd7-4d54-8320-971aee3d26ab","ts":"2025-12-31T15:58:08.479-05:00","source":{"id":"0","name":"eventBus"}}
{"__type":"$$EventMessageNode","id":"7fad319a-6604-40bd-b98f-a945372b849e","ts":"2025-12-31T15:58:08.480-05:00","eventName":"n8n.node.started","message":"n8n.node.started","payload":{"workflowId":"aFxk5lkGrIPnFyzP","workflowName":"Ingestion PDF HAS","executionId":"39","nodeType":"n8n-nodes-base.httpRequest","nodeName":"HTTP Request","nodeId":"70e64189-9aa0-4c89-acd8-0413d7942de7"}}
{"__type":"$$EventMessageConfirm","confirm":"7fad319a-6604-40bd-b98f-a945372b849e","ts":"2025-12-31T15:58:08.480-05:00","source":{"id":"0","name":"eventBus"}}
{"__type":"$$EventMessageNode","id":"72961186-ff41-4539-9823-9ce34c3853ca","ts":"2025-12-31T15:58:22.528-05:00","eventName":"n8n.node.finished","message":"n8n.node.finished","payload":{"workflowId":"aFxk5lkGrIPnFyzP","workflowName":"Ingestion PDF HAS","executionId":"39","nodeType":"n8n-nodes-base.httpRequest","nodeName":"HTTP Request","nodeId":"70e64189-9aa0-4c89-acd8-0413d7942de7"}}
{"__type":"$$EventMessageConfirm","confirm":"72961186-ff41-4539-9823-9ce34c3853ca","ts":"2025-12-31T15:58:22.528-05:00","source":{"id":"0","name":"eventBus"}}
{"__type":"$$EventMessageWorkflow","id":"c2d782e2-53bf-4456-85f4-536e49877383","ts":"2025-12-31T15:58:22.529-05:00","eventName":"n8n.workflow.success","message":"n8n.workflow.success","payload":{"executionId":"39","success":true,"isManual":false,"workflowId":"aFxk5lkGrIPnFyzP","workflowName":"Ingestion PDF HAS"}}
{"__type":"$$EventMessageConfirm","confirm":"c2d782e2-53bf-4456-85f4-536e49877383","ts":"2025-12-31T15:58:22.529-05:00","source":{"id":"0","name":"eventBus"}}
